# JRE version: Java(TM) SE Runtime Environment (8.0_162-b12) (build 1.8.0_162-b12)
# Java VM: Java HotSpot(TM) 64-Bit Server VM (25.162-b12 mixed mode windows-amd64 compressed oops)
Heap:
 PSYoungGen      total 99840K, used 49791K [0x00000000eab00000, 0x00000000f4180000, 0x0000000100000000)
  eden space 89600K, 44% used [0x00000000eab00000,0x00000000ed1a21e8,0x00000000f0280000)
  from space 10240K, 99% used [0x00000000f0280000,0x00000000f0c7da90,0x00000000f0c80000)
  to   space 12800K, 0% used [0x00000000f3500000,0x00000000f3500000,0x00000000f4180000)
 ParOldGen       total 73728K, used 20017K [0x00000000c0000000, 0x00000000c4800000, 0x00000000eab00000)
  object space 73728K, 27% used [0x00000000c0000000,0x00000000c138c498,0x00000000c4800000)
 Metaspace       used 46080K, capacity 46768K, committed 47016K, reserved 1089536K
  class space    used 6303K, capacity 6574K, committed 6576K, reserved 1048576K
GC Heap History (10 events):
Event: 25.944 GC heap before
{Heap before GC invocations=9 (full 1):
 PSYoungGen      total 43520K, used 38116K [0x00000000eab00000, 0x00000000ef900000, 0x0000000100000000)
  eden space 32768K, 100% used [0x00000000eab00000,0x00000000ecb00000,0x00000000ecb00000)
  from space 10752K, 49% used [0x00000000ecb00000,0x00000000ed0390d0,0x00000000ed580000)
  to   space 10240K, 0% used [0x00000000eef00000,0x00000000eef00000,0x00000000ef900000)
 ParOldGen       total 55296K, used 8968K [0x00000000c0000000, 0x00000000c3600000, 0x00000000eab00000)
  object space 55296K, 16% used [0x00000000c0000000,0x00000000c08c2260,0x00000000c3600000)
 Metaspace       used 28240K, capacity 28628K, committed 28848K, reserved 1073152K
  class space    used 4005K, capacity 4173K, committed 4272K, reserved 1048576K
Event: 25.964 GC heap after
Heap after GC invocations=9 (full 1):
 PSYoungGen      total 70144K, used 6049K [0x00000000eab00000, 0x00000000ef980000, 0x0000000100000000)
  eden space 59904K, 0% used [0x00000000eab00000,0x00000000eab00000,0x00000000ee580000)
  from space 10240K, 59% used [0x00000000eef00000,0x00000000ef4e8510,0x00000000ef900000)
  to   space 9728K, 0% used [0x00000000ee580000,0x00000000ee580000,0x00000000eef00000)
 ParOldGen       total 55296K, used 8976K [0x00000000c0000000, 0x00000000c3600000, 0x00000000eab00000)
  object space 55296K, 16% used [0x00000000c0000000,0x00000000c08c4260,0x00000000c3600000)
 Metaspace       used 28240K, capacity 28628K, committed 28848K, reserved 1073152K
  class space    used 4005K, capacity 4173K, committed 4272K, reserved 1048576K
}
Event: 41.649 GC heap before
{Heap before GC invocations=10 (full 1):
 PSYoungGen      total 70144K, used 65953K [0x00000000eab00000, 0x00000000ef980000, 0x0000000100000000)
  eden space 59904K, 100% used [0x00000000eab00000,0x00000000ee580000,0x00000000ee580000)
  from space 10240K, 59% used [0x00000000eef00000,0x00000000ef4e8510,0x00000000ef900000)
  to   space 9728K, 0% used [0x00000000ee580000,0x00000000ee580000,0x00000000eef00000)
 ParOldGen       total 55296K, used 8976K [0x00000000c0000000, 0x00000000c3600000, 0x00000000eab00000)
  object space 55296K, 16% used [0x00000000c0000000,0x00000000c08c4260,0x00000000c3600000)
 Metaspace       used 31624K, capacity 31968K, committed 32432K, reserved 1077248K
  class space    used 4500K, capacity 4665K, committed 4784K, reserved 1048576K
Event: 41.664 GC heap after
Heap after GC invocations=10 (full 1):
 PSYoungGen      total 69632K, used 8097K [0x00000000eab00000, 0x00000000f1680000, 0x0000000100000000)
  eden space 59904K, 0% used [0x00000000eab00000,0x00000000eab00000,0x00000000ee580000)
  from space 9728K, 83% used [0x00000000ee580000,0x00000000eed68480,0x00000000eef00000)
  to   space 10240K, 0% used [0x00000000f0c80000,0x00000000f0c80000,0x00000000f1680000)
 ParOldGen       total 55296K, used 10672K [0x00000000c0000000, 0x00000000c3600000, 0x00000000eab00000)
  object space 55296K, 19% used [0x00000000c0000000,0x00000000c0a6c2e0,0x00000000c3600000)
 Metaspace       used 31624K, capacity 31968K, committed 32432K, reserved 1077248K
  class space    used 4500K, capacity 4665K, committed 4784K, reserved 1048576K
}
Event: 42.558 GC heap before
{Heap before GC invocations=11 (full 1):
 PSYoungGen      total 69632K, used 41402K [0x00000000eab00000, 0x00000000f1680000, 0x0000000100000000)
  eden space 59904K, 55% used [0x00000000eab00000,0x00000000ecb86518,0x00000000ee580000)
  from space 9728K, 83% used [0x00000000ee580000,0x00000000eed68480,0x00000000eef00000)
  to   space 10240K, 0% used [0x00000000f0c80000,0x00000000f0c80000,0x00000000f1680000)
 ParOldGen       total 55296K, used 10672K [0x00000000c0000000, 0x00000000c3600000, 0x00000000eab00000)
  object space 55296K, 19% used [0x00000000c0000000,0x00000000c0a6c2e0,0x00000000c3600000)
 Metaspace       used 34733K, capacity 35198K, committed 35496K, reserved 1079296K
  class space    used 4809K, capacity 5014K, committed 5040K, reserved 1048576K
Event: 42.571 GC heap after
Heap after GC invocations=11 (full 1):
 PSYoungGen      total 99840K, used 5165K [0x00000000eab00000, 0x00000000f1700000, 0x0000000100000000)
  eden space 89600K, 0% used [0x00000000eab00000,0x00000000eab00000,0x00000000f0280000)
  from space 10240K, 50% used [0x00000000f0c80000,0x00000000f118b500,0x00000000f1680000)
  to   space 10240K, 0% used [0x00000000f0280000,0x00000000f0280000,0x00000000f0c80000)
 ParOldGen       total 55296K, used 13425K [0x00000000c0000000, 0x00000000c3600000, 0x00000000eab00000)
  object space 55296K, 24% used [0x00000000c0000000,0x00000000c0d1c5b0,0x00000000c3600000)
 Metaspace       used 34733K, capacity 35198K, committed 35496K, reserved 1079296K
  class space    used 4809K, capacity 5014K, committed 5040K, reserved 1048576K
}
Event: 42.571 GC heap before
{Heap before GC invocations=12 (full 2):
 PSYoungGen      total 99840K, used 5165K [0x00000000eab00000, 0x00000000f1700000, 0x0000000100000000)
  eden space 89600K, 0% used [0x00000000eab00000,0x00000000eab00000,0x00000000f0280000)
  from space 10240K, 50% used [0x00000000f0c80000,0x00000000f118b500,0x00000000f1680000)
  to   space 10240K, 0% used [0x00000000f0280000,0x00000000f0280000,0x00000000f0c80000)
 ParOldGen       total 55296K, used 13425K [0x00000000c0000000, 0x00000000c3600000, 0x00000000eab00000)
  object space 55296K, 24% used [0x00000000c0000000,0x00000000c0d1c5b0,0x00000000c3600000)
 Metaspace       used 34733K, capacity 35198K, committed 35496K, reserved 1079296K
  class space    used 4809K, capacity 5014K, committed 5040K, reserved 1048576K
Event: 42.689 GC heap after
Heap after GC invocations=12 (full 2):
 PSYoungGen      total 99840K, used 0K [0x00000000eab00000, 0x00000000f1700000, 0x0000000100000000)
  eden space 89600K, 0% used [0x00000000eab00000,0x00000000eab00000,0x00000000f0280000)
  from space 10240K, 0% used [0x00000000f0c80000,0x00000000f0c80000,0x00000000f1680000)
  to   space 10240K, 0% used [0x00000000f0280000,0x00000000f0280000,0x00000000f0c80000)
 ParOldGen       total 73728K, used 16185K [0x00000000c0000000, 0x00000000c4800000, 0x00000000eab00000)
  object space 73728K, 21% used [0x00000000c0000000,0x00000000c0fce5a8,0x00000000c4800000)
 Metaspace       used 34673K, capacity 35078K, committed 35496K, reserved 1079296K
  class space    used 4791K, capacity 4974K, committed 5040K, reserved 1048576K
}
Event: 44.505 GC heap before
{Heap before GC invocations=13 (full 2):
 PSYoungGen      total 99840K, used 89600K [0x00000000eab00000, 0x00000000f1700000, 0x0000000100000000)
  eden space 89600K, 100% used [0x00000000eab00000,0x00000000f0280000,0x00000000f0280000)
  from space 10240K, 0% used [0x00000000f0c80000,0x00000000f0c80000,0x00000000f1680000)
  to   space 10240K, 0% used [0x00000000f0280000,0x00000000f0280000,0x00000000f0c80000)
 ParOldGen       total 73728K, used 16185K [0x00000000c0000000, 0x00000000c4800000, 0x00000000eab00000)
  object space 73728K, 21% used [0x00000000c0000000,0x00000000c0fce5a8,0x00000000c4800000)
 Metaspace       used 44621K, capacity 45258K, committed 45736K, reserved 1089536K
  class space    used 6052K, capacity 6265K, committed 6320K, reserved 1048576K
Event: 44.525 GC heap after
Heap after GC invocations=13 (full 2):
 PSYoungGen      total 99840K, used 10230K [0x00000000eab00000, 0x00000000f4180000, 0x0000000100000000)
  eden space 89600K, 0% used [0x00000000eab00000,0x00000000eab00000,0x00000000f0280000)
  from space 10240K, 99% used [0x00000000f0280000,0x00000000f0c7da90,0x00000000f0c80000)
  to   space 12800K, 0% used [0x00000000f3500000,0x00000000f3500000,0x00000000f4180000)
 ParOldGen       total 73728K, used 20017K [0x00000000c0000000, 0x00000000c4800000, 0x00000000eab00000)
  object space 73728K, 27% used [0x00000000c0000000,0x00000000c138c498,0x00000000c4800000)
 Metaspace       used 44621K, capacity 45258K, committed 45736K, reserved 1089536K
  class space    used 6052K, capacity 6265K, committed 6320K, reserved 1048576K
}

